Detecting compiler hash for triplet x64-windows...
The following packages will be built and installed:
  * egl-registry:x64-windows -> 2021-11-23 -- C:\School\pv112\OpenGL_Game\ext\vcpkg\buildtrees\versioning_\versions\egl-registry\ec272777ea9d0ceccf5cc8b0336f038853e5c911
    glad[core,loader]:x64-windows -> 0.1.36 -- C:\School\pv112\OpenGL_Game\ext\vcpkg\buildtrees\versioning_\versions\glad\fa93b14c1581057e1d14650f5f15c9b0757dd548
    glfw3:x64-windows -> 3.3.8 -- C:\School\pv112\OpenGL_Game\ext\vcpkg\buildtrees\versioning_\versions\glfw3\a2a1ebc7845c0e8e6c7d46c0b940f4457cf460d8
    glm:x64-windows -> 0.9.9.8#1 -- C:\School\pv112\OpenGL_Game\ext\vcpkg\buildtrees\versioning_\versions\glm\4aafac80f39a72fadaf6a31afb961790678062de
    gtest:x64-windows -> 1.12.1 -- C:\School\pv112\OpenGL_Game\ext\vcpkg\buildtrees\versioning_\versions\gtest\8f4ae2732d1a648bdfe56b16ae5d68df63ecf344
    imgui[core,glfw-binding,opengl3-binding]:x64-windows -> 1.88#1 -- C:\School\pv112\OpenGL_Game\ext\vcpkg\buildtrees\versioning_\versions\imgui\2a4c55df4b895535fba9e3934ed64cef92bf4a4d
    lodepng:x64-windows -> 2021-12-04#1 -- C:\School\pv112\OpenGL_Game\ext\vcpkg\buildtrees\versioning_\versions\lodepng\744376b1eace2fdab47d24858d7d1e79f32eefa3
  * opengl-registry:x64-windows -> 2021-11-17 -- C:\School\pv112\OpenGL_Game\ext\vcpkg\buildtrees\versioning_\versions\opengl-registry\7f4a1e05a6cfbd923a2eaf9d32da22bde0742a15
    stb:x64-windows -> 2021-09-10#1 -- C:\School\pv112\OpenGL_Game\ext\vcpkg\buildtrees\versioning_\versions\stb\9ebadca0be90431f35a8d20b44f40b07285eb33d
    tinyobjloader:x64-windows -> 2.0.0-rc9 -- C:\School\pv112\OpenGL_Game\ext\vcpkg\buildtrees\versioning_\versions\tinyobjloader\c1e6a1c3ddc75a72ea801b5d0980a73e14358e5e
    toml11:x64-windows -> 3.7.1 -- C:\School\pv112\OpenGL_Game\ext\vcpkg\buildtrees\versioning_\versions\toml11\978b00b8d4801b25272df9c650958ce7112e3f45
  * vcpkg-cmake:x64-windows -> 2022-07-18 -- C:\School\pv112\OpenGL_Game\ext\vcpkg\buildtrees\versioning_\versions\vcpkg-cmake\a7b618b7782f3c841d7fd2d84a6ba3619815362a
  * vcpkg-cmake-config:x64-windows -> 2022-02-06#1 -- C:\School\pv112\OpenGL_Game\ext\vcpkg\buildtrees\versioning_\versions\vcpkg-cmake-config\8d54cc4f487d51b655abec5f9c9c3f86ca83311f
Additional packages (*) will be modified to complete this operation.
Restored 13 package(s) from C:\Users\Eduard\AppData\Local\vcpkg\archives in 1.3 s. Use --debug to see more details.
Installing 1/13 vcpkg-cmake-config:x64-windows...
Elapsed time to handle vcpkg-cmake-config:x64-windows: 6.66 ms
Installing 2/13 vcpkg-cmake:x64-windows...
Elapsed time to handle vcpkg-cmake:x64-windows: 15.2 ms
Installing 3/13 egl-registry:x64-windows...
Elapsed time to handle egl-registry:x64-windows: 17.2 ms
Installing 4/13 opengl-registry:x64-windows...
Elapsed time to handle opengl-registry:x64-windows: 37.5 ms
Installing 5/13 glad:x64-windows...
Elapsed time to handle glad:x64-windows: 22.6 ms
Installing 6/13 glfw3:x64-windows...
Elapsed time to handle glfw3:x64-windows: 24.5 ms
Installing 7/13 glm:x64-windows...
Elapsed time to handle glm:x64-windows: 192 ms
Installing 8/13 gtest:x64-windows...
Elapsed time to handle gtest:x64-windows: 59 ms
Installing 9/13 imgui:x64-windows...
Elapsed time to handle imgui:x64-windows: 29.9 ms
Installing 10/13 lodepng:x64-windows...
Elapsed time to handle lodepng:x64-windows: 23.3 ms
Installing 11/13 stb:x64-windows...
Elapsed time to handle stb:x64-windows: 33.7 ms
Installing 12/13 tinyobjloader:x64-windows...
Elapsed time to handle tinyobjloader:x64-windows: 30.7 ms
Installing 13/13 toml11:x64-windows...
Elapsed time to handle toml11:x64-windows: 46.1 ms
Total install time: 539 ms
glad provides CMake targets:

  # this is heuristically generated, and may not be correct
  find_package(glad CONFIG REQUIRED)
  target_link_libraries(main PRIVATE glad::glad)

glfw3 provides CMake targets:

  # this is heuristically generated, and may not be correct
  find_package(glfw3 CONFIG REQUIRED)
  target_link_libraries(main PRIVATE glfw)

glm provides CMake targets:

  # this is heuristically generated, and may not be correct
  find_package(glm CONFIG REQUIRED)
  target_link_libraries(main PRIVATE glm::glm)

gtest provides CMake targets:

  # this is heuristically generated, and may not be correct
  find_package(GTest CONFIG REQUIRED)
  target_link_libraries(main PRIVATE GTest::gmock GTest::gtest GTest::gmock_main GTest::gtest_main)

imgui provides CMake targets:

  # this is heuristically generated, and may not be correct
  find_package(imgui CONFIG REQUIRED)
  target_link_libraries(main PRIVATE imgui::imgui)

The package lodepng provides CMake targets:

    # C API
    find_package(lodepng-c CONFIG REQUIRED)
    target_link_libraries(main PRIVATE lodepng-c)

    # C++ API
    find_package(lodepng CONFIG REQUIRED)
    target_link_libraries(main PRIVATE lodepng)

stb is header-only and can be used from CMake via:

    find_path(STB_INCLUDE_DIRS "stb_c_lexer.h")
    target_include_directories(main PRIVATE ${STB_INCLUDE_DIRS})

tinyobjloader provides CMake targets:

  # this is heuristically generated, and may not be correct
  find_package(tinyobjloader CONFIG REQUIRED)
  target_link_libraries(main PRIVATE tinyobjloader::tinyobjloader)

toml11 provides CMake targets:

  # this is heuristically generated, and may not be correct
  find_package(toml11 CONFIG REQUIRED)
  target_link_libraries(main PRIVATE toml11::toml11)

